<?xml version="1.0" encoding="UTF-8"?>
<testsuite name="classworkVersion.AddNewCarTests" tests="1" skipped="0" failures="0" errors="0" timestamp="2023-10-20T12:57:05" hostname="ANNA" time="16.198">
  <properties/>
  <testcase name="addNewCarPositive" classname="classworkVersion.AddNewCarTests" time="16.198"/>
  <system-out><![CDATA[]]></system-out>
  <system-err><![CDATA[]]></system-err>
</testsuite>
