<?xml version="1.0" encoding="UTF-8"?>
<testsuite name="classworkVersion.LoginTests" tests="8" skipped="0" failures="0" errors="0" timestamp="2023-10-20T12:57:21" hostname="ANNA" time="37.92">
  <properties/>
  <testcase name="loginNegativeTestWrongEmail" classname="classworkVersion.LoginTests" time="0.563"/>
  <testcase name="loginNegativeTestWrongEmail1" classname="classworkVersion.LoginTests" time="1.308"/>
  <testcase name="loginNegativeTestWrongEmailTwoA" classname="classworkVersion.LoginTests" time="0.604"/>
  <testcase name="loginNegativeTestWrongPassword" classname="classworkVersion.LoginTests" time="0.98"/>
  <testcase name="loginNegativeTestWrongPassword1" classname="classworkVersion.LoginTests" time="0.942"/>
  <testcase name="loginNegativeTestWrongPassword2" classname="classworkVersion.LoginTests" time="1.006"/>
  <testcase name="loginNegativeTestWrongPassword3" classname="classworkVersion.LoginTests" time="0.947"/>
  <testcase name="loginPositiveTestModel" classname="classworkVersion.LoginTests" time="0.849"/>
  <system-out><![CDATA[]]></system-out>
  <system-err><![CDATA[]]></system-err>
</testsuite>
