<?xml version="1.0" encoding="UTF-8"?>
<testsuite name="classworkVersion.LoginTests" tests="8" skipped="0" failures="0" errors="0" timestamp="2023-10-20T13:13:50" hostname="ANNA" time="37.214">
  <properties/>
  <testcase name="loginNegativeTestWrongEmail" classname="classworkVersion.LoginTests" time="0.622"/>
  <testcase name="loginNegativeTestWrongEmail1" classname="classworkVersion.LoginTests" time="1.502"/>
  <testcase name="loginNegativeTestWrongEmailTwoA" classname="classworkVersion.LoginTests" time="0.55"/>
  <testcase name="loginNegativeTestWrongPassword" classname="classworkVersion.LoginTests" time="0.961"/>
  <testcase name="loginNegativeTestWrongPassword1" classname="classworkVersion.LoginTests" time="0.902"/>
  <testcase name="loginNegativeTestWrongPassword2" classname="classworkVersion.LoginTests" time="0.94"/>
  <testcase name="loginNegativeTestWrongPassword3" classname="classworkVersion.LoginTests" time="0.904"/>
  <testcase name="loginPositiveTestModel" classname="classworkVersion.LoginTests" time="0.838"/>
  <system-out><![CDATA[]]></system-out>
  <system-err><![CDATA[]]></system-err>
</testsuite>
